z8XS1PQroMVWQLbukNrESon/dVdr1sS1MhgD06/GKj+TgQJvZW3Mc8xl3Z3pTjMB/VXpNHZXrQ/+FJ6ExTLmjAEPU5j7P5WCi+uhRUqXOkusDW6nCw==
VzKaRYM+ZV88fnNqASwqqTV0Z7kkHW1jfE7tABBmSQHSvnNieHgczKSlVXRL/pf2I0Brw71klFqk3tFhaJpYbt25jqgOmnSq4KDmoinO7VflNEEV4iwsQ2Edr4Xs6+02Nxh3SxL5Di/pVdijOI3BO1RmZ3GJTaW0uk9Z/yo8IiTZWpLcFTffWPfHAVK/Qz0lNv9ue5iVoqfH
7YCTJ8l9GcVpK/eFihmLod8XhndKiXhE6qw6FjCS95fVAU0MG5S8nvgxiu/tnWQTFNWlUDMeC+HVReE0fkeFb8bExsQ9gr5sqX/bGHOPfSLTGxkFkkdCa0QdZqcD
voA2QFYUV3RmJfq2yWNnPmzMwPtPWbqzwF92CWuKiv1VyjIoMoTxGFyNhJJo/WO99dc4sYqNDuQhirp8TUeX2L/32bJXk4VlLo8GW6AFaqcP
co7mpyZu6/bINxB+XVu4kt/4242Yog+Y1FQMv6lj2N23iAxpRuYQl1yK1HcIqlWQyNwBnG74KQzt1eHbH5cne6cc
yITq/OAAEuNv2+r44tu/iAbxyR0ezTGGLIVP3jdbJUq61COoHQBY7SVmjoKF/O8k6Vufrn3W8xTcuBrKcyaExNFU0aqC0lZZofk9ISJrmbKiK1l/SFGCny6muoaLbudW8Ed7W1WRmwk5ByOl6SuUnVuoqSHneyYga8RvFhySEZouUB1Tk8cWkMN3jIHP3LXM1EGoevYTPnqawbEAI6MlgYcp+3rOLq0IX3GsI+jUQhbXsJzYqwijWW40cM4HjrtkQHzirPAH4PzG4vTzERCXCqoQ10O3RorpNYFAwiRiryBhQB0bdsGjSTyzVcZZpjcYucPbP7HfZz0yvZeEhbKmjMGPm5g7v9WCy2vhRYoX+ktsjS6nSw==
dv+R9SBk16Gvv94SGgSzNvsx8iTyklNGvlynFjE4sUhy0JaTonB44MofqWS4RTrQrlDIMP38DtAsZICtNoFC9qQLeFjCYtofeLH9AIeW+dfZxv4b7Zo/BQu1a/+Iwa6ujMhKmXFoS2ibnA04GSjd/DlrsULOisEKQXF0Wgq0XlnQ3mbnBm7jTi2x9KLJZxl6ripALccr+nuJyc4LrwroxgFK3S7fKCqzZGrMni/nGz0GfXqOln/4hnK0TZ86a8YCjLRYSWrRXO0th9jnHN+rZCJIxpNWlIN6nD2dZC+7aoEAALyI9o6Ly0skzb0t3j7MNEi0ICV4X9xlsOmD88xMQHDp8IhZaKhm1fJmKlWKXb/l5UcViy2nRg==
KPYC43/Os1+vlEDl5yHcYkRlFkX4gn9ycmT2CJSqpZGdyYQNVYTgHy/+NSqIDcMk9xgafPjEf2jBmNx9wS7Coon0ixQt4+MugW63JDiwFuq/7uBUVcyN6l7KUkmFMXFBruM9wmbTZX90qUbvii425semw0b0X6cbCQkfmV3P74XlI3CtHxBVoZvD4hAPzGM2UNr1CqrIwZPP3xKA5z9AYUNUETyQOZR6ymt6ij5JPeDv6wGRgzGnuhK2KZi7OeAD5NwmJhMI4FhXsOdpijx87stG3/TE5L7sLB/k7OIquJOdmDN6bujrQ4u+TpmRCcyiaKqLMGVYwVsqWSfZWHuZ5lWu0yj9eye/zWejDVa1m6TJ+kIcRRdHWGen0ZLvIy2lBp9euyj1Eqd3
38azopao0KkNU/0Gwamq7xK36OMfRQgN5hbM54788mcJneQIJuArBPwl30TL8E4sDPwzqA3gaK2Vhj4CFRw/ZLl7b64N9iPUjNiKSsNGNAThNMGqkvImmVFZTaGyy8nycstpf3ixUt9+BioG+84XloBna1tF8avJiWeTJXlLxF2LiNkhF1t2YLsk/5ascqHaHrANU4Pn5tCz13wBX3xlDIQhmHrGc266SmEhgNMDVcF3Cet63s6dSO+RHKN4NJJWh5Bs2Nsoc5k+VOBOt+4LpHAc8qzgJ5A8NkKEc4Gwx0p68OdDh6ZaqWUh0EJUwl/gEWANG2ahk4mM0+VGycZn2Gnjqz9B/zd94l0HBDVSFszxb4uYK58lwrvLEcUatyqLPO0ep3s=
qdlsbVjmfPqLtkoMOxY4DTT2+FW7pmre2fVRTaACL1wk9CtuyLQv0x56daI7uqX3TzWEC7Tz4tEAp2U=
vBdNBi1XT6wQ2YdILWEE6YYgOMJxdxrhIlhu8h+NTGCwiXBoGUOqRpQS5kqVql2fJYXH9csNp2Y=
Qs8qpp2aQv4fojHx4enrypAnVndW43+fYmhmUrrMWyCS/R/6k3pFUlrSoZzJwlJmeDlDDaFF7kxfkAu1+Hq/8BR8fGcJGwj1t6DcEeY+YL+c4mSvaJKF/Uo0UKSOoJnkrf0Rg79vd1OnNA==
rgXqoOD2QRdZ8et15/KcYzfV4vL36NM2V8nVOpp5U2epHx8aHX/Ntemwg0BOVRSlRuRRb28l1JRBTSVcOzqu3ahyWBdPYmB6teI6BHXSVswx70Ca6x7lwntL0cXaN2qLfG1epzs=
WkaeixZ+4Hzxto/zmmgXE/aEJ1eNrSoBhh6IHc/VDwesVF1eWt65kPkuSkoYFZvhkQm2gJ9cU/lIlmdcdNDki7mXkHk3LESdVtL4E/xOvEPY3t0xivgI6L5MQcjN0Qlvj2NvX6c4
pJYkw8KDQR7D+bFLuBi9oTHe5PvT78cgcdnVP5ldSWWkHx8aHX/Ntemwg0BOVRSlRuRRb28l1JRBTSVcOzqu3ahyWBdPYmB6teI6BHXSVswx70Ca6x7lwntL0cXaN2qLfG1epzs=
o9eqBoo2PfEtIsG5r8WqAhd+YCxRRiViWuLBrAkSMvb4qeNdYbXOPF9gK8W4qh9glOycN0kr6MW3kDwhpm6ALxxyxH8o4qUNSkRwVE7wOXQtbXFTf18XY6cE
Jt0O3fRckv8NNKUu8LTL3gNa5PIeq3ADdE8tZlrmybgZBhoS2M3LiTHhBvgfpOOR6H63BDQINKPZv2BBNxS0tTb6KMu8FmyreLZtyQqAuAAeJBEQDYlZR29LH2enAA==
GQ8Hy8+yhLmDoOGWqzp9dnM1mRjFp93noeDaZE02kZyGhEg/f/eJC6qevwaHPwDEy7LEWmB9AfUsh/dWcHt+oPQd7CSYlQCcgehqYpxuNt4tZj2bTVl3QRNhpwI=
27+LkgQmpfoR+17vo/qcuzHe5PvT78cgcdnVP5ldSWW/Hx8aHX/Ntemwg0BOVRSlRuRRb28l1JRBTSVcOzqu3ahyWBdPYmB6teI6BHXSVswx70ea6x7lwntL0cXaN2qLfG1epzs=
ldQN7vM0v4XRpCLxEom1Tz1+08E3j1MrWHpnaFr01L5ZTBQSytDNyXv0APdL++rR9W+rRXofcbLWr2pAFVfgtS/JM928FmyreLZtzQqAuAAeJBEQDYlZR29LH2enAA==
QCOTKW3q3QtMDMdD9/s06zT2+FW7pmre2fVRTaACL1wk9CtuyLQv0x15daI7uqX3TzWEC7Tz4tEAp2U=
50ApDUl++aYQRilI78qH/IYgOMJxdxrhIlhu8h+NTGCwiXBoGUCpRpQS5kqVql2fJYXH9csNp2Y=
HIdvxJ767PZlsnw+qQvTTOk4tYLVLb/2FGaIlCKypKPzxQDsof2YroJW18MvOGt7vB6O7zg/mYTJDTFITca8yMOs3vzM+oHDw2b2JX6ity1kmVAZelh0XFBGrWhac25MsU17t7w2rEv4Fi2qCWB4oJ5EUTANaZnn7ytfR6cg
mT9BZn3rycBMjZI6jGx5Ng+ewy7QctQXm2e4PG6j4S089FFSWkiV6tFhsyP8LnyjWH4dU4kYSEg+LAEozfHJzw+DL3+nGA==
sBkjG1kS2XrpwGwclJ5e9ikFhbdm5hhiED4MWyvL4NAOT3mBjHjJ3trEDWZhzSvPnMIkD+gyxR9JVJAEDgBZxK0d0eM/jzdzpxQ=
AekUCHRQPa2jaXFKGxGaJ5wFinpShUtEvq4hDSOE/4nRUkElUpK3nMVBh6C58gJnOILtBiBPQPjTQ6t6c0OPXc7Z4sQ9gr5sqX/aGXOOfSLTGxkFkkdCa0QdZqcD
4WtpeuucGGGwu8caprb6+evNuwPJjyUorZqRBXMQWu66tGAoIRFhuCHAHx6kP+4um7bWAxYgFQ/tujUPSYWYlRT0S65oNI+T/HlVYls6xTdvNWRLVHNCEWCnBQ==
HWKA7BQFReCGZi4Pe9FkIykfg7d6/hliED4MWyvL4NAOT3mBjHjJ3trEDWZhzSvPnMIkD+gyxR9JVJAEDgBZxK0d0eM/jzdzpxQ=
blaWQdrOXLfWJWviD7vlvCgfg7d6/hliED4MWyvL4NAOT3mBjHjJ3trEDWZhzSvPnMIkD+gyxRxJVJAEDgBZxK0d0eM/jzdzpxQ=
DYHObfJWp7ARGsf+b2n62A6ewy7QctQXm2e4PG6j4S089FFSWkiV6tFhsyP8LnyjWH4dUIkYSEg+LAEozfHJzw+DL3+nGA==
MupMA6RbcoENdzwQVs0Z/g2ewy7QctQXm2e4PG6j4S089FFSWkiV6tFhsyP8LnyjWH4dUIkYSEg+LAEozfHJzw+DL3+nGA==
26+9ek2M7Pxdg4Z+bKgCuwyewy7QctQXm2e4PG6j4S089FFSWkiV6tFhsyP8LnyjWH4dUIkYSEg+LAEozfHJzw+DL3+nGA==
iAyuwWHGSHgaMFgu+j2HjCgFhbdm5hhiED4MWyvL4NAOT3mBjHjJ3trEDWZhzSvPnMIkD+gyxRxJVJAEDgBZxK0d0eM/jzdzpxQ=
n3foVlPjudvuin8Win5suSsFhbdm5hhiED4MWyvL4NAOT3mBjHjJ3trEDWZhzSvPnMIkD+gyxRxJVJAEDgBZxK0d0eM/jzdzpxQ=
f8ENoYhcTZqmX09WxdElhFzemrFlPFCxpGHxFlUAK3a4D+I2r9YCO1rwqWd5OqHn9dVUrUAUf7ZkBJN7yzmhysfKSa+blTCzGCO+OXSnEQ==
pX/cmG5apkEzwOiw8Oz61A+Lxy7QctQXm2e4PG6j4S089FFSWkiV6tFhsyP8LnyjWH4dUIkYSEg+LAEozfHJzw+DL3+nGA==
Ji7x7+GyS+IS2sVNGf855hA3Z6zdgKOGIK9KZleW2gtyENF3cTqp9w21fJ0Y1AdmzKQLC0O5KXpfKiF/I9Xow/ADhil8pxk=
X5mOvG4vp/GrQ7wyHUX+SfaLvQ4NLLndlWI5kNmhzVqpQJeuzN9WXkN2rtPOQD0f5bo9H2FlwMXstBNe0FRnI3f53RLzmr2Ht3VcmwxTqgFopw0=
LDn0HbZbj+EaklvqJML9Dl2pITy0nJhSYD2CpbFCXUj10RGS7YBT5hBvOobnFkprotCBl2E6uZfd9Sx9iFS3BjzkO+szuRlar2qR31NVeGMgQ1YJbKcJ
UgK0innwz+t9BImA6UelsBZ8+7TKOrNgzVqOF+Q6ueYUV7yon6s/+ucrQ42ywdak6TrinCXXLVlHZnESD2PNpebf/juINXKnFw==
0zCp0suwyXKah/jLpM3pwwuewy7QctQXm2e4PG6j4S089FFSWkiV6tFhsyP8LnyjWH4dUIkYSEg+LAEozfHJzw+DL3+nGA==
P06gELg4P9cofOA/H129KhAgSrbdgKOGIK9KZleW2gtyENF3cTqp9w21fJ0Y1AdmzKQLC0O5KXpfKiF/I9Xow/ADhil8pxk=
4pwEPbVxP2VZaKfMQwdxol5JBGNyCO2XD8vspV06KZa4XUDUPHJIDkmHEF9SJmYw1xYHqoum7J8lvtMWWJ6O0Bhffxp9P201CXBjQG4VdCUmpHFvj+V0FOENRVwbeg5dSLJ4F28iAPoVIhoElRL2TJGvIJnL3gVCm4vxxbp3Cgvcrb6n2w==
HAfJ+rD8Kfo/gA9RZ/W6RhE3Z6zdgKOGIK9KZleW2gtyENF3cTqp9w21fJ0Y1AdmzKQLC0K5KXpfKiF/I9Xow/ADhil8pxk=
GXrMX32R8ya993+YIu3iYlqx+kifPJNZyHanPHTwpCs591BZNwyE/dZyuDP8LnyjWH4dUYkYSEg+LAEozfHJzw+DL3+nGA==
G8jNQuGyK2moGcU3icMNklqx+kifPJNZyHKlMnTwpCs591BZNwyE/dZyuDP8LnyjWH4dUYkYSEg+LAEozfHJzw+DL3+nGA==
R1L+1yZzeRjFqp4fPGxAc5dW/wLJQ/Agt/t9Y47JX////zl11i4dZHk0Y75gFLdDgfntMqNazScH9cz73BOaIXinHQ==
E0ocz+HF0Ir3CBzH109MTSBn2lWK+NDh4ODNclE5/djWpHlrde2HF7uf8EiFJAXymePzeWAiCeU8id8EZyt8vP4C7CSYlQCcgehpYpxuNt4tZj2bTVl3QRNhpwI=
9Ap84A1KR6Xny1w/felsP5pR2CsEzGcQv648HCOK1NuVYmoyUo+my8JlyKC5t1cxH8+4K1AKGfXAUq4/ZUXIWMHY7cQ9gr5sqX/fGXOOfSLTGxkFkkdCa0QdZqcD
OiV+zC2iwgs+2TeRm6VLE5lR2CsEzGcQv648HCOK1NuRYnhBHZTyg95+yLuop04ffd/PKlMKGfXAUq4/ZUXIWMHY7cQ9gr5sqX/fGXOOfSLTGxkFkkdCa0QdZqcD
ZE9pZO3q3FWwtjj6TXn4CCNn2lWK+NDh4ODNclE5/djXpHlrde2HF7uf8EiFJAXymeLzeWAiCeU8id8EZyt8vP4C7CSYlQCcgehpYpxuNt4tZj2bTVl3QRNhpwI=
HkVTahM4plIf1T5EZI2hbdt4EyYSiivcf352T7rtSwPbuwTrhE4EbxnSu5qLw0FsTm1JF68B+FEaxgmp+FntpSNffDgBCxj7n/LLQeQiaqCc4mSvaJKF/Ug0UKSOoJnkrf0Rg79vd1OnNA==
5fqEmAV+Q+LniQUa+glZ4kpTpNPFdhHg4AXB1+epuk+q+vONjdt03r8PP0RQTuhlKIOdWBlMxf6LlZXYmbSz3ZuyjfqBt4xZj+prDZfgB+aoscGGr62mXoj/w8muAPfU+/Rr7gi0b1PeeDUi+7pldw81RIv08yJRQKcl
HD4HiCxdGQekczMtmHbix14dADVyC7nEWMfpqg86K8TmBUCPbXRIDhjdEg5SJGJvhxNYpdem7J8lvtMWWJ6O0Bhffxp9P201CXBjQG4VdCUmpHFvj+V0FOENRVwbeg5dSLJ4F28iAPoVIhoElRL2TJGvIJ/L3gVCm4vxxbp3Cgvcrb6n2w==
xyrowGOq1WJvcrJ45OelQyBn2lWK+NDh4ODNclE5/djWpHlrde2HF7uf8EiFJAXymePzeWAiCeU8id8EZyt8vP4C7CSYlQCcgehvYpxuNt4tZj2bTVl3QRNhpwI=
sAA3cO1dJSWki9wGdWRVRppR2CsEzGcQv648HCOK1NuVYmoyUo+my8JlyKC5t1cxH8+4K1AKGfXAUq4/ZUXIWMHY7cQ9gr5sqX/fH3OOfSLTGxkFkkdCa0QdZqcD
diRHGIPevNdB+rGe/IFTNF5JBGNyCO2XD8vspV06KZa4XUDUPHJIDkmHEF9SJmYw1xYHqoum7J8lvtMWWJ6O0Bhffxp9P201CXBjQG4VdCUmpHFvj+V0FOUPS1wbeg5dSLJ4F28iAPoVIhoElRL2TJGvJ5/L3gVCm4vxxbp3Cgvcrb6n2w==
xyrowGOq1WJvcrJ45OelQyBn2lWK+NDh4ODNclE5/djWpHlrde2HF7uf8EiFJAXymePzeWAiCeU8id8EZyt8vP4C7CSYlQCcgehvYpxuNt4tZj2bTVl3QRNhpwI=
sAA3cO1dJSWki9wGdWRVRppR2CsEzGcQv648HCOK1NuVYmoyUo+my8JlyKC5t1cxH8+4K1AKGfXAUq4/ZUXIWMHY7cQ9gr5sqX/fH3OOfSLTGxkFkkdCa0QdZqcD
vEOZYNF+dt1brvPgtVQSASNn2lWK+NDh4ODNclE5/djXpHlrde2HF7uf8EiFJAXymeLzeWAiCeU8id8EZyt8vP4C7CSYlQCcgehvYpxuNt4tZj2bTVl3QRNhpwI=
bZFw3sCMdcu1dW8V934xlplR2CsEzGcQv648HCOK1NuRYnhBHZTyg95+yLuop04ffd/PKlMKGfXAUq4/ZUXIWMHY7cQ9gr5sqX/fH3OOfSLTGxkFkkdCa0QdZqcD
xUCkSeReyQ9ktNpGLK7ByEpTpNPFdhHg4AXB1+epuk+q+vONjdt03r8PP0RQTuhlKIOdWBlMxf6LlZXYmbSz3ZuyjfqBt4xZj+prDZfgB+aoscGGr62mXoj/w8muAPfU+/Rr7gi0b1PafzUi+7pldw81RIv08yJRQKcl
iSVi9YnKIrGjPhEHq2inlNt4EyYSiivcf352T7rtSwPbuwTrhE4EbxnSu5qLw0FsTm1JF68B+FEaxgmp+FntpSNffDgBCxj7n/LLQeQiaqCc4mSvaJKF+U80UKSOoJnkrf0Rg79vd1OnNA==
pXUW8IEnrGLOqXOMBGBmEVSmdOxHYiD2vidD1J6Mc+C7LFl3zja/ZLHqSjydZ6/bzx6IcuczFeXe79YbkCV6px8=
H/LOkRTtNEbK0jXQDy6bFxkg1ohvMgffWlSluprblPNCbBzL4u8HJPoU/2A3tL0HCn5jRI3iTiz5n+Mbg6Ys4mO76YUCpxIrtD12pxM=
k8y/yDYQ7AZZZvaDURpDtJwUjH1WhWcQlbUhGzeB/7yFREsAFJK3n8R4h+zktUs7M4DvQHJPV+TKdO9gJ1SNR9re88Q9gr5sqX/TG3OGfCLTGxkFkkdCa0QdZqcD
86WIP769WKJDYU10FuDZTTSJna8VHPzyzgc4Wy3AjeYsjS8rN4jzYA6Hk5Ru7GPgq8wpt56WD+Qhirp8TUeX2r/+2LJXk4VlLo8GW6AFaqcP
Bdy0UXbBNyRbHEgcxhONi20EnqYvsmIkFmdLEnfA4tJIHXmWkGH+msCQGmR72SzenMIkD+gyxR9KVJgFDgBZxK0d0eM/jzdzpxQ=
0y+jap6d8CARRnAu90D0ZUtvczBCbmN5fOXbrmFWNvb4u/RWO6/CclxzK8K3sAJiyO3ZJlAx3orAgDo0u2mMLhxyxH8o4qUPSkR4VU7wOXQtbXFTf18XY6cE
2ThnRfvWg/Allw8giwyn720EnqYvsmIkFmdLEnfA4tJIHXmWkGH+msCQGmR72SzenMIkD+gyxR1KVJgFDgBZxK0d0eM/jzdzpxQ=
p2lf2UB09p/OnYvK6C42VEpvczBCbmN5fOXbrmFWNvb4u/RWO6/CclxzK8K3sAJiyO3ZJlAx3orAgDo0u2mMLhxyxH8o4qUNSkR4VU7wOXQtbXFTf18XY6cE
ckqyKgQYNdkwvLQ1P3RnCm0EnqYvsmIkFmdLEnfA4tJIHXmWkGH+msCQGmR72SzenMIkD+gyxRlKVJgFDgBZxK0d0eM/jzdzpxQ=
b/OOfDh3cwYnRuszBIiVIElvczBCbmN5fOXbrmFWNvb4u/RWO6/CclxzK8K3sAJiyO3ZJlAx3orAgDo0u2mMLhxyxH8o4qUJSkR4VU7wOXQtbXFTf18XY6cE
ckqyKgQYNdkwvLQ1P3RnCm0EnqYvsmIkFmdLEnfA4tJIHXmWkGH+msCQGmR72SzenMIkD+gyxRlKVJgFDgBZxK0d0eM/jzdzpxQ=
1D4vAKR0p/A4QTuNOXAO/EhvczBCbmN5fOXbrmFWNvb4u/RWO6/CclxzK8K3sAJiyO3ZJlAx3orAgDo0u2mMLhxyxH8o4qUJSkR4VU7wOXQtbXFTf18XY6cE
RXC80CqVKGM3BTj5PwiFsm0EnqYvsmIkFmdLEnfA4tJIHXmWkGH+msCQGmR72SzenMIkD+gyxRZKVJgFDgBZxK0d0eM/jzdzpxQ=
RtLgNoq9oGUUwg9P6LI0rq/r2HZG2MywUkwI5biUc/k2WDydF9CvtgZ42JP1BDgHCsCATmaGQ88o1KzsSP2gdBFs6uoEh5a2/a59U50xV6kDaacK
oCrh+A5NeOK/ESd7YY9KaTSJna8VHPzyzgc4Wy3AjeYsjS8rN4jzYA6Hk5Ru7GPgq8wpt56WD+Qhirp8TUee2r/+2LJXk4VlLo8GW6AFaqcP
WLH1lSuwTZDn4KrclhcVO20EnqYvsmIkFmdLEnfA4tJIHXmWkGH+msCQGmR72SzenMIkD+gyxR5JVJgFDgBZxK0d0eM/jzdzpxQ=
YeACzfnfzvxaYmwrOfJEy0hvczBCbmN5fOXbrmFWNvb4u/RWO6/CclxzK8K3sAJiyO3ZJlAx3orAgDo0u2mMLhxyxH8o4qUOSUR4VU7wOXQtbXFTf18XY6cE
Hp5pdlc4JEaedpoNxLDle1SmdOxHYiD2vidD1J6Mc+C6LFl3zja/ZLHqSjydZ6HZzx6IcuczFeXe79YbkCV6px8=
nh9e7XeqSFuWlb8snxgSOxkg1ohvMgffWlSluprblPNCbBzL4u8HJPoU/2A2tL0HCn5jRI3iTiz5n+0Zg6Ys4mO76YUCpxIrtD12pxM=
cFXGSdGAa8VPm91FfmsmeGb63kzI/KAdem1TYKFNHRsLecvMsaxnYDh6488QoNusOG0fa+cog+Ce5yNUPsyT4Nrs+fcudp9k0SrqvH0ngdmv3ijyB3M15b4vdptwZVqnPw==
LFpLIipXW3wzqQ4cziC40TSJna8VHPzyzgc4Wy3AjeYsjS8rN4jzYA6Hk5Ru7GPgqswpt56WD+Qhirp8TUeQ2b/+2LJXk4VlLo8GW6AFaqcP
+rMhxZtdoUjiWZM/IWLIlm0EnqYvsmIkFmdLEnfA4tJIHXmWkGH+msCRGmR72SzenMIkD+gyxRZJVJgFDgBZxK0d0eM/jzdzpxQ=
J8U1xdsFqPIFIDZuy6et1Wf63kzI/KAdem1TYKFNHRsLecvMsaxnYDh6488QoNusOG0fa+cog+Ce5yNUPsyT4Nrs+fcudp9k0SrqvH0nj9mv3ijyB3M15b4vdptwZVqnPw==
L8rpGDizmt0LocUnPwNpLTSJna8VHPzyzgc4Wy3AjeYsjS8rN4jzYA6Hk5Ru7GPgqswpt56WD+Qhirp8TUee2b/+2LJXk4VlLo8GW6AFaqcP
lQzgy003XpmQfElw72I/UDT2+FW7pmre2fVRTaACL1wk9CtuyLQv0x55da46uqX3TzWEC7Tz4tEAp2U=
lX/JOeQ6rbVe50g/K6cwB4YgOMJxdxrhIlhu8h+NTGCwiXBoGUOpRpgT5kqVql2fJYXH9csNp2Y=
rnihtFr97rQZA5wlUGG06vXI6UJYb9u/tUR8zP+DhGL9D9PMv7ATA2Fa3ZaXTS4O5PY8HiZgz8TjtBNe0FRnI3X+3R7ymr2Ht3VcmwxTqgFopw0=
OWT/lIH/PB5woLvy58AuB/XI6UJYb9u/tUR8zP+DhGL9D9PMv7ATA2Fa3ZaXTS4O5PY8HiZgz8TjtBNe0FRnI3P+3R7ymr2Ht3VcmwxTqgFopw0=
qtQI+QL5h37l7yCmSeCkuikdibd/8AdiED4MWyvL4NAOT3mBjHjJ3trEDWZhzSvPnMIkD+gyxRtJVJ8FDgBZxK0d0eM/jzdzpxQ=
YF/+y/Rw+UMpf1TFqNlkTm3JlUdoWtO8lTUMB8odVLff4qx8xXa8BQBtqelsUPnG2tw9XY6h4ffcOnSnSFo1g8nM7+2uqIm8bSWBC1+nB2unDA==
j1yv6IMYZ3u30UQU16Tbrl9Cv01iAHuF0Ca31j4ss6NK3zlRnU+v0oM7Ck5qha//16KvhFdbKz8rgDcVXqiEHzHV0YWhp5SMkX+Qfx92QzV0loJEPIYMG7hmTbgIcJdRXpTxgI0Z+bevG39XpzA=
jIoebBoFKs5gJwB8VAdGqikfg7V99BhiED4MWyvL4NAOT3mBjHjJ3trEDWZhzSvPnMIkD+gyxR5JVJ4FDgBZxK0d0eM/jzdzpxQ=
NqRyThC95H/wtkalm4645G3JlUViWNG4ijUMB8odVLff4q52x3S4GgBtqelsUPnG2tw9XY6h4ffcOnSnSFo1hsnM7u2uqIm8bSWBC1+nB2unDA==
I55p7fdxrt7QOMS/5pfXLl9Cv01iAHuF0Sa31j4ss6NK3zlRnU+v0oM7Ck5qha//16KvhFdbKz8rgDcVXqiEHzPf04eluJSMkX+Qfx92QzV0loJEPIYMG7hmTbwJcJZRXpTxgI0Z+bevG39XpzA=
NFO1do04BBviHEiKxcI99BI3Z6zdgKOGIK9KZleW2gtyENF3cTqp9w21fJ0Y1AdmzKQLC0a4KXteKiF/I9Xow/ADhil8pxk=
aQ5CvX2s0T4m5FkaL+or6Ack04BnMDGLQF2yq5Lf0q95YHXIqu8QOOMju3pjo6wSGmNyRI3iTiz5n+MYg68s4mO76YUCpxIrtD12pxM=
stvWjwVIXqzsKtbFBW6McxM3Z6zdgKOGIK9KZleW2gtyENF3cTqp9w21fJ0Y1AdmzKQLC0W6KXpeKiF/I9Xow/ADhil8pxk=
yqsopnD1AssRJzwF2RrTKmJbwvucFfZr1heOHtU4kagOV7yon6s/+ucrUIK229ak6TrinCXXK1pHZnASD2PNpebf/juINXKnFw==
He9/i3HMJ9skdjLHZV+lj8M6Nat/Cw22Z3PI714F4zVCNHl9uVYAZmYkb+91a7zo1Ngzgh0yrP8bElqYs9iWuOivqtm6gKazrb6iAIY7LNL9dgyTa1Qwb31AFAqgI04KW3GOaF6ZjBiAYdAwCYgpfmS7hlJFIh1nle3nLVtFp94=
OrlkuODawRjZk4qMuH67DjT2+FW7pmre2fVRTaACL1wk9CtuyLQv0xx5daI6uqX3TzWEC7Tz4tEAp2U=
f6y4gVTWfSJjQsOedoJxH4YgOMJxdxrhIlhu8h+NTGCwiXBoGUGpRpQT5kqVql2fJYXH9csNp2Y=
tW/tsjAT/JZ5qlZoDApxC9G70I+EsA6KxURPr7Y22NeMyQs5SvgaglyK1HcIqlWXydwAnW74KQzt1eHbH5cne6cc
WXmsGFf2u/I+1M3sy4sQ6BA2S6jdgKOGIK9KZleW2gtyENF3cTqp9w21fJ0Y1AdmzKQLC0i/KXpeKiF/I9Xow/ADhil8pxk=
j4IPca68z4VG1qjYVNOSR1MnhI45ZEc1g4X7Q60BmVWaDhCDxctEBg2cmgJBjzYHBZ1stPglwOyh9W9yvB/2bk32vQut6TexM3GnEg==
kN4A+OHlTX05ATyZVf/9dgiAvpwPf3njgi5jrO4EMAQYRV2MgfLTSBjm2ZmUHV+I/0/MYLY2DEigkRCgabgorszMxkKlkp03tR0nvTt1pw4=
+6arKRYXYSSH5rBnwZu4PwiAvpwPf3nmgi5jrO4EMAQYRViMgfLTSBjm2ZmUHV+I/0/MYLY2DEigkRCgab4orszMxkKlkp03tR0nvTt1pw4=
FWIjN2F04lWplHvFOMd84xQ3Z6zdgKOGIK9KZleW2gtyENF3cTqp9w21fJ0Y1AdmzKQLC0e7KXFZKiF/I9Xow/ADhil8pxk=
tS89UgXrNTvs0UV/a2EmD7ScrB8VLIKJiHQok+zznmHsS4zjzNFnXGs4tNPOQD0f5bo9H3JqxN/stBNe0FRnI3P73Rn1mr2Ht3VcmwxTqgFopw0=
Y6/Y3u8q8DykbobLgGuhhwiAvpwPf3nmgi5jrO4EMAQYRViMgfLTSBjm2ZmUGVaf+E/MYLY2DEigkRCgabEors/MxkKlkp03tR0nvTt1pw4=
76UX6fVyfRIV5r3bgSPtnQiAvpwPf3nmgiljrO4EMAQYRViMgvP/TBjm2ZmUHV+I/0/MYLY2DEigkRCgabkvrs/MxkKlkp03tR0nvTt1pw4=
S6hmt6yND2wu46rSpiGhdBU3Z6zdgKOGIK9KZleW2gtyENF3cTqp9w21fJ0Y1AdmzKQLC0m/KXBZKiF/I9Xow/ADhil8pxk=
vOCs+P3Z87i/pR536XUfbUk//cRAE+bxVMt0c3RwD4wjeHyj5mAl7/26JW9qSuwvpHTbDjj037MFf2WIDfoVV/+1FKvkM7IxcKcV
Aud9m8XY1xa/Jjkesm0V1RY3Z6zdgKOGIK9KZleW2gtyENF3cTqp9w21fJ0Y1AdmzKQLC0K5KXdZKiF/I9Xow/ADhil8pxk=
RSApJIETaeGFYW+wJw/cm0h5yPucFfZr1heOG9U4kagOV7yon6s/+ucrUIK229ak6TrinCXXLFlHa3cSD2PNpebf/juINXKnFw==
i/On59lZf/2gS43PXopu7Rc3Z6zdgKOGIK9KZleW2gtyENF3cTqp9w21fJ0Y1AdmzKQLC0W/KXdZKiF/I9Xow/ADhil8pxk=
a/WVmtKdOCPqU0vAQpCYTCj2s/V+AxG5myOqORALMDu4AtM0h5gYO1rwqWd5OqHn5tpQt0AUf7ZkBJN7zT+hx8HKSa+blTCzGCO+OXSnEQ==
YNLfg5R9CMzkEa1qOVXGsBg3Z6zdgKOGIK9KZleW2gtyENF3cTqp9w21fJ0Y1AdmzKQLC0a7KXZZKiF/I9Xow/ADhil8pxk=
2/u/ig7iexTz4W5Sb0OHlwcg+8FmLC2LQF2yq5Lf0qV5YHXIqu8QOOMju3pjo6wSGmNyRI3iTiz5n+Mbg6Ir4mO76YUCpxIrtD12pxM=
i/2vW7BcoBjzM7VHF0UTyhk3Z6zdgKOGIK9KZleW2gtyENF3cTqp9w21fJ0Y1AdmzKQLC0C4KXZZKiF/I9Xow/ADhil8pxk=
5xOt+kLVzmB6WfHfxZEYVj103sM+i1sOAHpnYEH6zrR6QhUe28vPpD+vD/Nb8enfuF6qLGBBcaXcvGFKWlClsT7tOdu8FmyreLZtywiAtAYeJBEQDYlZR29LH2enAA==
Bw0OlDW6dqRdneblfXxcUmJEwxR+jLCcqP3DsQyOvv0tV/SylRAahskgqZfn8cwQUPmwGPk0qjZ6ZCY6ddrd78X1B4UrfacW
du1MldaiHL+Do/RHrvtddAVT2OFdJUGX5clm4lDjRP/wjgpc4PERdRzMQVpaQIXB/j1ZazxmzHs4ho3eCpDWNt50seCNObkXL7s/d6cQ
/BfSOnZrH7/uIahEExUBemNEwxR+jLCcqP3DsQyOvv0tV/SylRAahskgqZfn8cwQUPmwGPk2qTZ6ZCY6ddrd78X1B4UrfacW
uHo58KjfaHX5RFmYsnJrBwVT2OFdJUGX5clm4lDjRP7wjgpc4PERdRzMQVpaQIXB/j1ZazxmzHs4ho3cCZDWNt50seCNObkXL7s/d6cQ
nfOsDRKoefQHs0RqJEGm1WBEwxR+jLCcqP3DsQyOvv0tV/SylRAahskgqZfn8cwQUPmwGPkxqzZ1ZCY6ddrd78X1B4UrfacW
0xgH2FaKTqEKiRilSf/YXj103sM+i1sOAHpnYEH6yZ8XDBQTy9jtxyX5BvJQ86TNsF6qLGBBcaXcvGFKWlClsT7tOdu8FmyreLZtywuAuQYeJBEQDYlZR29LH2enAA==
t6j6zOB/xzq+jp4STJfBg2FEwxR+jLCcqP3DsQyOvv0tV/SylRAahskgqZfn8cwQUPmwGPkwqTZ1ZCY6ddrd78X1B4UrfacW
46Y6MSIWY7jKAMxPdLCWLMq0LBIwn4yrDlEV06PWKnGuxEsgKAK5DNEwvYjiH3gY+1OjentTtDLyE7qExTLmjAEPU5n7P5OCi+uhRUqXOkusDW6nCw==
MBLwhLL4OuItcoyrOESiLWZEwxR+jLCcqP3DsQyOvv0tV/SylRAahskgqZfn8cwQUPmwGPk2rzZ0ZCY6ddrd78X1B4UrfacW
Kb+lpebYYXPuRMBtFrUogAVT2OFdJUGX5clm4lDjRPvwjgpc4PERdRzMQVpaQIXB/j1ZazxmzHs4ho3cD5DYNt50seCNObkXL7s/d6cQ
+Mc9XHhRaMW2QlBXm1vogsM6Nat/Cw22Z3PI714F4zVCNHl9uVYAZmYkb+91a7zo1Ngzgh0yrP8bElqYs9iWuOivqtm6gKazrb6iAIY7LNL9dgyTa1Qwb31AFAqgI04KW3GOaF6ZjBiAYdAwCY8vfmS8hlJFIh1nle3nLVtFp94=
ag9oD5OC/Mb4ejni3/3J3zT2+FW7pmre2fVRTaACL1wk9CtuyLQv0xp/daI9uqX3TzWEC7Tz4tEAp2U=
0j96iqjn8XExKW+pvOiOu4YgOMJxdxrhIlhu8h+NTGCwiXBoGUevRpQU5kqVql2fJYXH9csNp2Y=
2cWJz3kkNJ6Et/MrYdBYw9G70I+EsA6KxURPr7Y22NeMyQs5SvgaglyK1HcIqlWRz9wAmm74KQzt1eHbH5cne6cc
cY5gtRVksvdkH1TuvBz8/mdEwxR+jLCcqP3DsQyOvv0tV/SylRAahskgqZfn8cwQUPmwGPkxrjZ0ZCY6ddrd78X1B4UrfacW
i5YMvhGym2czl1E6XVQn1QVT2OFdJUGX5clm4lDjRPrwjgpc4PERdRzMQVpaQIXB/j1ZazxmzHs4ho3bDpDYNt50seCNObkXL7s/d6cQ
Wp0h0PZ4+ZD7Jmj3hRza+mREwxR+jLCcqP3DsQyOvv0tV/SylRAahskgqZfn8cwQUPmwGPkxqjZ9ZSY6ddrd78X1B4UrfacW
erTccZd54yfaBiVu6BLMrA5A/rVNKEyX5clm4lDjRPnwjgpc4PERdRzMQVpaQIXB/j1ZazxmzHs4ho3bCpDRN950seCNObkXL7s/d6cQ
ybgzYbBm0w+/qWJ75v0AA2VEwxR+jLCcqP3DsQyOvv0tV/SylRAahskgqZfn8cwQUPmwGPkxqDZ9ZSY6ddrd78X1B4UrfacW
uiNss0KO2s/39PB44812flX81lZXDtG8tXplS5UVXr6Qv/wkgFKyAABtqelsUPnG2tw9XY6h4ffcOnSnSFo1h8jM6euuqIm8bSWBC1+nB2unDA==
wUd+iLrXzHXLFCpndp+vREt6IHCJwnvYyhLOpIQfjxicQgTs/43SwrfZj/7gExdoICMRhMD2CLRzzhw38+UMEh43LyYf7dY+mP/TKV7AR3SLdPtO2HS/c+p4RUuserWXn7X064SzEnFQpzU=
fDGTfzpFd1fwoZipDJIiJUt6IHCJwnvYyhLOpIQfjxicQgTs/43SwrfZj/7gExdoICMRhMD2CLRzzhw38+UMEh43LyYf7dY+nPbELl7AR3SLdPtO2HS/c+16RUqserWXn7X064SzEnFQpzU=
f6CbmBWh87UcwyEBWnbF22pEwxR+jLCcqP3DsQyOvv0tV/SylRAahskgqZfn8cwQUPmwGPkyqTZ8ZSY6ddrd78X1B4UrfacW
725Ea2Y+E2MdypsCM0cyDi63lwC5i2wRIZvayyx1Kyb57N4h+jwHYOS65txlWGEonrfsaE/LL/r3ywDCZrtGJJnaUtzVtx1ZN05GUv/DfSV2fy57WBVipwc=
95d3Yz1Fjlkd8DhM4crfcsM6Nat/Cw22Z3PI714F4zVCNHl9uVYAZmYkb+91a7zo1Ngzgh0yrP8bElqYs9iWuOivqtm6gKazrb6iAIY7LNL9dgyTa1Qwb31AFAqgI04KW3GOaF6ZjBiAYdAwCYorfm+9hlJFIh1nle3nLVtFp94=
IHQ7syDZDleVIpn3MsPTwzT2+FW7pmre2fVRTaACL1wk9CtuyLQv0x97dak8uqX3TzWEC7Tz4tEAp2U=
DOqyOLmkFxi386eCiYLapoYgOMJxdxrhIlhu8h+NTGCwiXBoGUKrRp8V5kqVql2fJYXH9csNp2Y=
pJZ9Mu8ki6PLxAg3gZ5QRtG70I+EsA6KxURPr7Y22NeMyQs5SvgaglyK1HcIqlWUy9wLm274KQzt1eHbH5cne6cc
TJ8dxXilvNqrxVMmTHI/cB4j8cpyWrLOEcBvPnR/Po4LNmaj5mAl7/26JW95Reg1pHTbDjj037MEe2WJDPoVV/+1FKvkM7IxcKcV
wyEAaWxh+EqMW0wBI5TrEyiblK0IB8eh1AQzH2GEy79zjyArMInDaEaHhIh32yf6/9s4oo6LHuQhirp8TUee27/93rJXk4VlLo8GW6AFaqcP
WPSpBxvEDRPlWINZ3NPTBNLMwr7RZH2ou8sk5jis2JPASjZSmkASKkJhzovKjZmvdD1GL4PNAG7fmj7fBOPN54ZSRSUs+tq/ke2kCB0AuaQJeoIchZcIXyctlpKvo+2lxh+eu2h1Uqc3
aGInA7vmWu6T3F0nySHWoMM6Nat/Cw22Z3PI714F4zVCNHl9uVYAZmYkb+91a7zo1Ngzgh0yrP8bElqYs9iWuOivqtm6gKazrb6iAIY7LNL9dgyTa1Qwb31AFAqgI04KW3GOaF6ZjBiAYdAwCYoufmm9hlJFIh1nle3nLVtFp94=
SyYcA6WE61Bx1Jm4WjYaDDT2+FW7pmre2fVRTaACL1wk9CtuyLQv0x9+da88uqX3TzWEC7Tz4tEAp2U=
+TaAAltgyZl7OnL7TUnhAIYgOMJxdxrhIlhu8h+NTGCwiXBoGUKuRpkV5kqVql2fJYXH9csNp2Y=
Yu4/OO4uOGLv36Sw6JoXO9G70I+EsA6KxURPr7Y22NeMyQs5SvgaglyK1HcIqlWUztwNm274KQzt1eHbH5cne6cc
2k9aTTomKvoj0wB8JmrhE8M6Nat/Cw22Z3PI714F4zVCNHl9uVYAZmYkb+91a7zo1Ngzgh0yrP8bElqYs9iWuOivqtm6gKazrb6iAIY7LNL9dgyTa1Qwb31AFAqgI04KW3GOaF6ZjBiAYdAwCYkqfmi9hlJFIh1nle3nLVtFp94=
PivcAyLRio2XJqbvycaCOzT2+FW7pmre2fVRTaACL1wk9CtuyLQv0xx6da48uqX3TzWEC7Tz4tEAp2U=
O5TpGzaVJOTHCCfuCoyZb4YgOMJxdxrhIlhu8h+NTGCwiXBoGUGqRpgV5kqVql2fJYXH9csNp2Y=
ykwwbKHC6ezLmcWPvxholNG70I+EsA6KxURPr7Y22NeMyQs5SvgaglyK1HcIqlWXytwMm274KQzt1eHbH5cne6cc
4mBYyr/hFIwsdBMfxlAizjT2+FW7pmre2fVRTaACL1wk9CtuyLQv0xV6da48uqX3TzWEC7Tz4tEAp2U=
JjTH9rmc76tXe/NrxwNKgoYgOMJxdxrhIlhu8h+NTGCwiXBoGUiqRpgV5kqVql2fJYXH9csNp2Y=
5pC27hCV8RAgWb/9Z4KgaDcSx7QSeUdfpsDwWOABk2W0Il6ZxctEBg2cmgJBnDkDH51stPglwOyh+WlysBn2bk32vQut6TexM3GnEg==
d+I1926GAAU2So+ZzLGoqVyFxuIqSxyxrGz9dUUKMTnwZacLh5gYO1rwqWd5OqHn5tpQt0AUf7ZkBJN7zDmhxsDKSa+blTCzGCO+OXSnEQ==
dCLajAv5MN6k3EfYWXricyoFhbdm5hhiED4MWyvL4NAOT3mBjHjJ3trEDWZhzSvPnMIkD+gyxR9KVJ8DDgBZxK0d0eM/jzdzpxQ=
cRHPYDqWj4hfv0ujQEUOjG3JlV9kWsqqijUMB8odVLff4bRwxW+qGgBtqelsUPnG2tw9XY6h4ffcOnSnSFo1h8rM7+uuqIm8bSWBC1+nB2unDA==
6AoUclEgNFc1OM3VJ3mqGEJTpNPFdhHvowLB1fC+u2zPvvKJv44o5PwIJVZvC/V4X5LSWFwSxOiGjbXemYHyipeWxLyWlthIjv1rDZfgB+aoscGGr62mXoj/w8muAPfU+/Rr7gi0b1PbejUt/Lpldw81RIv08yJRQKcl
XAzNZxKdXvHiBBlZchJxC0pTpNPFdhHg4AXB1+epuk+q+vONjdt03r8PP0RQTuhlKIOdWBlMxf6LlZXYmbSz3ZuyjfqBt4xZj+prDZfgB+aoscGGr62mXoj/w8muAPfU+/Rr7gi0b1PVeTUt/Lpldw81RIv08yJRQKcl
H4Y4Que3XjZI++VOSPsfA9t4EyYSiivcf352T7rtSwPbuwTrhE4EbxnSu5qLw0FsTm1JF68B+FEaxgmp+FntpSNffDgBCxj7n/LLQeQiaqCc4mSvaJKF9kk0X6OOoJnkrf0Rg79vd1OnNA==
Ex50Btxfzo5qKvtARNiZvdt4EyYSiivcf352T7rtSwPbuwTrhE4EbxnSu5qLw0FsTm1JF68B+FEaxgmp+FntpSNffDgBCxj7n/LLQeQiaqCc4mSvaJKF/Eg0X6OOoJnkrf0Rg79vd1OnNA==
r7nvGUuYeTvNibizibGwUkpTpNPFdhHg4AXB1+epuk+q+vONjdt03r8PP0RQTuhlKIOdWBlMxf6LlZXYmbSz3ZuyjfqBt4xZj+prDZfgB+aoscGGr62mXoj/w8muAPfU+/Rr7gi0b1PfeDUt/Lpldw81RIv08yJRQKcl
zRX+xopmq9VIe7lYiIc9pkJTpNPFdhHvowLB1fC+u2zPvvKJv44o5PwIJVZvC/V4X5LSWFwSxOiGjbXemYHyipeWxLyWlthIjv1rDZfgB+aoscGGr62mXoz21M6uAPfU+/Rr7gi0b1PZezUs/Lpldw81RIv08yJRQKcl
sVzIt8t51vCnO1dMEVND3QKidflAcFPo9idUyIe7N/rvO0ps1jy/ZLHqSjydZ6PbzxiOcuczFeXe79YbkCV6px8=
VxF4L6H2C8aMU0SY7rI7Il3emrFlPFCxpGHxFlUAK3a4D+I2r9YCO1rwqWd5OqHn9dVUrUAUf7ZkBJN7yjmhxMDKSa+blTCzGCO+OXSnEQ==
HzqXWBUf85+kh1V6GbVJ/0IGxgDPsNfYourVdUUWn8KLgk0kd7mWEqqU8HHANAXS2JCQEyV7BPYtjJoSYX92t+UN7CSYlQCcge9pYpJpNt4tZj2bTVl3QRNhpwI=
VBby+usb5k84C6f7HqAM+nSAsKSysZQnYd7TNoRkYiTYVQUWAlWO9Pnx0QFOQhXbErBSKjEt991QUyZJCzrx1bhiVj8ddTB4qeglBHXSVswx70uY6xDiwntL0cXaN2qLfG1epzs=
TDxWkNssYyHeUP1KJD/T83SAsKSysZQnYd7TNoRkYiTYVQUWAlWO9Pnx0QFOQhXbErBSKjEt991QUyZJCzrx1bhiUjYKcjB4qeglBHXSVswx70qe6xDiwntL0cXaN2qLfG1epzs=
+eEcetIapATpMzl62fHElw6w9mrQS9RSzWC0HiC54S089FFSWkiV+9BtvjL8LnyjWH4dW44YRk8+LAEozfHJzw+DL3+nGA==
tNfkh6K9RSBKG4qLdPtyFRd8+7TKOrNgzVqOF+Q6ueYUV7yon6s/+ucrQ42ywdak6TrinCXXLlpHZ3YSD2PNpebf/juINXKnFw==
P908ZSFFN92CKf8muoS9imjhosBaPCXkgidbpsNLMlAJEWzD3eSwP12/1IqFGBqe+RvGa605DEigkRCgabkqrsXNxkKlkp03tR0nvTt1pw4=
v8Z4NMNEGHQ+mDM5WhXexV7emrFlPFCxpGHxFlUAK3a4D+I2r9YCO1rwqWd5OqHn9dVUrUAUf7ZkBJN7yDmhy8DKSa+blTCzGCO+OXSnEQ==
NsiExyIKE71nIRyO3Vjo0kIGxgDPsNfYourVdUUWn8KLgk0kd7mVEqqU8HHANAXS2JCQEyV7BPYtjJoSYX92t+UN7CSYlQCcge1pYp1pNt4tZj2bTVl3QRNhpwI=
OKNOxYxFL+q7b5FjIfvZXXSAsKSysZNzcMLOA8wiSmGMXj1ZC3rM+s7xj1UaBg7uXPNaJyEHmsxRSitECzrx1bhiVj8ddTB4qeglBHXSVswx70SZ6x/iwntL0cXaN2qLfG1epzs=
YyKc9s63+8K5h8jGSwvwfXSAsKSysZNzcMLOA8wiSmGMXj1ZC3rM+s7xj1UaBg7uXPNaJyEHmsxRSitECzrx1bhiUjYKcjB4qeglBHXSVswx70Ka6x7iwntL0cXaN2qLfG1epzs=
Vqe44aTykSYkrTidvFGtId7nHVsP/Tf5EpxEBfreNcib2PQPMQE9odT/hodKFium1jB+69PJuGy8BBxSEBrp3Uyx3zwXE5yEjjosnOgt4CTxXera7NHWZl3e/aM9YZd5Y1mnOg==
ZY4ENtJdD4guVB3NRSgedevNuwPJjyUorZqRBXMQWu66tGAoIRFhuCHAHx6kP+4um7bWAxYgFQ/tujUPSYWYlRT0S65oNI+T/X9VYlw6xTdvNWRLVHNCEWCnBQ==
EAgDXLToivn5I9L8aM/eVysfg7d6/hliED4MWyvL4NAOT3mBjHjJ3trEDWZhzSvPnMIkD+gyxR5PVJADDgBZxK0d0eM/jzdzpxQ=
1yLw/R9T9CMflNEmgrH7Nzv0t+w7SVDupGb0OhhPbST9QfI0nJgYO1rwqWd5OqHn5tpQt0AUf7ZkBJN7yT+hysDKSa+blTCzGCO+OXSnEQ==
Logsgnibcrtp+DXqMTzth+VEncJnCC9CyG57eXIZT4cVYhj0vQdfFnJEDAwJVGbUoaHpwZbybXu6Q9qquZ0fPegjfonz6qm1kHJePxVlGJhxuF1ErSLurFlfzx9jbkpig/uJheLnsqsUfVanMw==
kS4uRFiPzP/IDcxyfiNc3xE2S6jdgKOGIK9KZleW2gtyENF3cTqp9w21fJ0Y1AdmzKQLC0i7KXNdKiJ9I9Tow/ADhilwrwc=
F+Pg0Vqhq1w4SMBlhMOZUlMnhI45ZEc1g4X7Q60BmFWaDhCDxctEBg2cmgJBjzYHBZ1stPglwOyh9WtytRz2bU/2vAut6TexM32vDA==
0kPsde44UMZCGSvyYBDXx2tEwxR+jLCcqP3DsQyOvv0tV/SylRAahskgqZfn8cwQUPmwGPkzqjZ9YCY5d9rc78X1B4Urca8I
j5h4vK3YlRc2B4Y7y6UlTAVX8KBcOV2X5clm4lDjRPbwjgpc4PERdRzMQVpaQIXB/j1ZazxmzHs4ho3ZCpDRMt53s+CMObkXL7s/e68O
aq3fPsoC0so1w7KZIqC1sm7Pw/NBRaTFzlkDOEPJhPsh2gdtYNbEJzXC3YVkyiK/6d1sqIWQEeQhirp8TUeW2b//27JUkYVkLo8GW6AFZq8R
x91brJW/EONWEiFn42iWeW7Pw/NBRaTFzlkDOEPJhPsh2gdtYNbEJzXC3YVkyia2/tpsqIWQEeQhirp8TUef2L//27JUkYVkLo8GW6AFZq8R
UK4qLShaNdn3idZaTkI5Gm7Pw/NBRaXFzlkDOEPJhPsh2gdtYNbEJzXC3YVkyiK/6d1sqIWQEeQhirp8TUeW37//27JUkYVkLo8GW6AFZq8R
AyeFapJ7Zgqvgx2JYtd8GFSmdOxHYiD2vidD1J6Mc+C5LFl3zja/ZLHqSjydZ6XZzx6LcuQxFeTe79YbkCV2rwE=
RYEem24esJThovcBavYuWBkg1ohvMgffWlSluprblPNCbBzL4u8HJPoU/2A1tL0HCn5jRI3iTiz5n+kZg6Yv4mC56YQCpxIrtD16rw0=
qtzUrPfHMLdVi0HUGizvwJwUjH1WhWcQlbUhGzeB/7yFREsAFJK3n8R4h+zktUs7M4DvQHJPV+TKdO9gJVSNR9re88Q9gr5sqX/ZGXOGfyLQGRkEkkdCa0Qdaq8d
V4eoZfGUUQDVyxZJa8LhjDSJna8VHPzyzgc4Wy3AjeYsjS8rN4jzYA6Hk5Ru7GPgqcwpt56WD+Qhirp8TUeU2b/+27JUkYVkLo8GW6AFZq8R
K7/FgATMCj0DnSQHpKTlV20EnqYvsmIkFmdLEnfA4tJIHXmWkGH+msCSGmR72SzenMIkD+gyxRpJVJgGDgNbxKwd0eM/jzd/rwo=
9TUWbHwhtCcnIzqO/ugltEtvczBCbmN5fOXbrmFWNvb4u/RWO6/CclxzK8K3sAJiyO3ZJlAx3orAgjo0u2mMLhxyxH8o4qUKSUR4Vk7zO3QsbXFTf18Xb68a
5H51dAlkZIIfiA8MK43PlF5Cv01iAHuF0ia31j4ss6NK3zlRnU+s0oM7Ck5qha//16KvhFdbKz8rgDcVXqiEHTPf0YCvuZSMkX+Qfx92QzV0loJEPIYMG7hmTbsIcJBSXpfzgIwZ+bevG39bry4=
4OHNBommIynKaaZE2xJfjDYSx7QSeUdfpsDwWOABk2W0Il6ZxctEBg2cmgJBnDkDH51stPglwOyh9W9ytBz2bU/2vAut6TexM32vDA==
muY/auGCIx/UisENpqfSG1yFxuIqSxyxrGz9dUQKMTnwZacLh5gYO1rwqWd5OqHn5tpQt0AUf7ZkBJN7wD+hwsXKSq2blDCzGCO+OXivDw==
2MXkanCZlv8tejgpVhQGUQzU4ctHA2nAzXFWreYEMAQYVSPJ3Mb+JV2/1IqFGBqe+QjJb7c5DEigkRCgabsurszIxkGnkpw3tR0nvTt5rxA=
/FFaaKgA7z+ysYN7poNn+htLh8U1kFYaDXhsZVj74fsNDh4V1tSO13r7DP5vvuOQ7WurJGBBcaXcvGFKWlClsT7tOdu8FmyreLZtyQ6AsAIeJxMQDIlZR29LH2uvHg==
46ZF4sS7ZNe1eNWE3xe8MtPMwr7RZCW/qswh0HDo+N2fUAMUrGBcFhYui4TIjZmvdD1GL4PNAG7fmjzFAuPR/4dSRSUs+tq/ke2kCB0AuaQJeoIchZcIXicuk5Ksoe2kxh+eu2h1Xq8p
haC9i0OlrD5K4ifSZWo6i9PMwr7RZCW/qswh0HDp+N2fUAMUrGBcFhYui4TLjZmvdD1GL4PNAG7fmjzFAuPR/4dSRSUs+tq/ke2kCB0AuaQJeoIchZcOWyctk5Ksoe2kxh+eu2h1Xq8p
tTLrB3WAUEDN5HvohXg8ShABfa3dgKOGIK9KZleW2gtyENF3cTqp9w21fJ0Y1AdmzKQLC0O6KXBdKiJ9I9Tow/ADhilwrwc=
zTCuf4DkCfYiLckJJKTyLFMnhLkPYUc1g4X7Q60BmWKsCxCDxctEBg2cmgJBjzYHBZ1stPglwOyh/mpythz2bU/2vAut6TexM32vDA==
dJkycMg2yas4KdK2aTmXrgqewy7QctQXm2e4PG6j4S089FFSWkiV6tFhsyP8LnyjWH4dVIoYQko+LwMozPHJzw+DL3OvBg==
cT6o/+iabX5n/LxGFEwM1U09y4BfsXEuGi5DFjGbzuFAVXmBjHjJ3trEDXVuyTHPnMIkD+gyxRhKVJoGDgNbxKwd0eM/jzd/rwo=
agsQBtkrgRshgswDDXujzAmewy7QctQXm2e4PG6j4S089FFSWkiV6tFhsyP8LnyjWH4dUYkYQko+LwMozPHJzw+DL3OvBg==
bdAwX1dgwsV4lJFE7sfVeE09y4BfsXEuGi5DFjGYzuFAVXmBjHjJ3trEDXVuyTHPnMIkD+gyxR1JVJoGDgNbxKwd0eM/jzd/rwo=
mT4+BeaNqg2YCNOmUAtHkAiewy7QctQXm2e4PG6j4S089FFSWkiV6tFhsyP8LnyjWH4dVogYQko+LwMozPHJzw+DL3OvBg==
RY8AXqPdAU/LFvrxX0NJDk09y4BfsXEuGi5DFjGZzuFAVXmBjHjJ3trEDXVuyTHPnMIkD+gyxRpIVJoGDgNbxKwd0eM/jzd/rwo=
KOBbrBMQcNnzSY9QMN+4yweewy7QctQXm2e4PG6j4S089FFSWkiV6tFhsyP8LnyjWH4dVo8YQko+LwMozPHJzw+DL3OvBg==
vfvbfHFwnmMomuL4Hf3+Ek09y4BfsXEuGi5DFjGWzuFAVXmBjHjJ3trEDXVuyTHPnMIkD+gyxRpPVJoGDgNbxKwd0eM/jzd/rwo=
ED/eycMfLNscQDjy2YPKtQaewy7QctQXm2e4PG6j4S089FFSWkiV6tFhsyP8LnyjWH4dVI8YQko+LwMozPHJzw+DL3OvBg==
js6EpxFW7IYpGjg/Uyc/3k09y4BfsXEuGi5DFjGXzuFAVXmBjHjJ3trEDXVuyTHPnMIkD+gyxRhPVJoGDgNbxKwd0eM/jzd/rwo=
W2uxnXGG/KZE2DLH5eZY0RBSS7XdgKOGIK9KZleW2gtyENF3cTqp9w21fJ0Y1AdmzKQLC0K+KXBdKiJ9I9Tow/ADhilwrwc=
GLpiA9yI+byR/ngJuY5LmHoBue9EE+bxVMt0c3R1aqA6eHyj5mAl7/26JW9qSuwvpHTbDjj037MOfmWICfoWVf+0FKvkM7IxfK8L
TlqMw1Zrc373M2DPXgyEGHWAsKSysZInYd7TNoRkYnCbUDZZW1X+u+KlwBFOVRT5V+lLCiEx27sVDyZdADrx1bhiVj8ddTB4qeglBHXSVswx70Kb6xPnwnhJ0cTaN2qLfG1SryU=
dwwFVMiA2GQpC0dlJae4HQiewy7QctQXm2e4PG6j4S089FFSWkiV6tFhsyP8LnyjWH4dUIsYRUo+LwMozPHJzw+DL3OvBg==
J2NZhqlETbCTsSBdkMXsNi5Ggew5eUdgm8Cob5ABk2W0Il6ZxctEBg2cmgJBnDkDH51stPglwOyh/mtysRz2bU/2vAut6TexM32vDA==
nzdTCLHO8Ym4/oEBCzz2GyERlaJSYFjHH1W4ot2bw7UaTGzIqu8QOOMju3pjo6wSGmNyRI3iTiz5n+kbg6Mv4mC56YQCpxIrtD16rw0=
FgZCvMPt8iskEBbI5bCCIQmewy7QctQXm2e4PG6j4S089FFSWkiV6tFhsyP8LnyjWH4dUIsYRUo+LwMozPHJzw+DL3OvBg==
h8UgA3jSojFLy5i4pyoswC5Gge05eUdgm8Cpb5ABk2W0Il6ZxctEBg2cmgJBnDkDH51stPglwOyh/mtysRz2bU/2vAut6TexM32vDA==
gUDsOXE+HiSAVwA4EqTMMSERlaJSYFjHH1W4ot2bw7UbTGzIqu8QOOMju3pjo6wSGmNyRI3iTiz5n+kbg6Mv4mC56YQCpxIrtD16rw0=
+eM2fFxp0AzZ39xTdCZLXDF0cUqSBzCv/Q8U2mVoGo7ZKYiz2tiM2AAh0PCJySq+6fiGkcdiHKcVreft2wmvAA==
XtCwcVBZRDCCiR2BVn1nvjF0cUuSBzCv/Q8U2mVoGo7ZKYiz2tiM2AAh0PCJyyq+6fiGkcdiHKcVreft2wmvAA==
hzdA1ciFLYNN/RBeKBPg1jGbxtVgYbHFXBwhqlqw5ROwhe7qvPYsC/jWre8KoPXinofTcAypGafv698Lr34=
yUIxuxi1ASD4DQ+4Sgg/v3WAsKSysZInYd7TNoRkYnCbUDZZWFX+u+KlwBBOVRT5V+lLCiEx27sVDyZdADrx1bhiVj8ddTB4qeglBHXSVswx70CZ6xPnwnhJ0cTaN2qLfG1SryU=
w9lcF/5Dit8NcHIbp1z3w3WAsKSysZAnYd7TNoRkYnCbUDZZXnTb062+lAEKRB/lQORXOxA2yZxzH3NrGDrx1bhiVj8ddTB4qeglBHXSVswx70uZ6xPnwnhJ0cTaN2qLfG1SryU=
ZrrEbiKpglEAkD2Eay0ME3WAsKSysZEnYd7TNoRkYnCbUDZZXnTb062+lAEKRB/lQORXOxA2yZxzH3xrGDrx1bhiVj8ddTB4qeglBHXSVswx70OY6xPnwnhJ0cTaN2qLfG1SryU=
/JNSHjwYS/02MgI5fx4raXWAsKSysZYnYd7TNoRkYnCbUDZZXnTb062+lAEKRB/lQORXOxA2yZxzH31rGDrx1bhiVj8ddTB4qeglBHXSVswx70KY6xPnwnhJ0cTaN2qLfG1SryU=
rP/nd9p5emcvNueDavu8o0t6IHCJwnqDnAjZr54OohiqVzGtj5y0xZ2Nif2TAwx5bmQAidrBGbVl6g8t1YMbEygtLiYf7dY+mP/TKV7AR3SLdPtO2HS/c+V6RU6peraVn7T064SzEnFcrys=
rTuAGZ0INcyc1EeslJ3F9EdA/rZWHS7bs8BAplD6RO/7vwh0rusRdRzMQVpaQIXS8TlDazxmzHs4ho3dD5DUM953s+CMObkXL7s/e68O
WlALCMVkVkfIQd6cYTd84R+pNTqW1LAeYRDnv65UXEv9g0i3qJhIkhA5M47FWFBrotCBl2E6uZfO+ihniFS3BjzkO+s2vxlWrGqS3VNUeGMgQ1YJYK8X
LzseXNV1n3RuFxPwcvdO2PeLvQ4NLLndlWI5kNmhzVqpQJeuzN9WXkN2rtPOQD0f5bo9H2FlwMXstBNe0FRnI3353R3wmr6Ft3RcmwxTqgFkrxM=
uqPKkjXjBlNWsjXtN5PoiBjl3lCs2pJee3FIf4pQOFlQcsfv/qQkMCxt8s4Rm9v8Ym8aaPsut+jW5zRIJ/vX+o/76OI+a45k0SrqvH0nj9mv2SryBHE15L4vdptwZVavIQ==
0u2bG5G5sWDw1aKlSIbHDcM6Nat/Cw22Z3PI714F4zVCNHl9uVYAZmYkb+91a7zo1Ngzgh0yrP8bElqYs9iWuOivqtm6gKazrb6iAIY7LNL9dgyTa1Qwb31AFAqgI04KW3GOaF6ZjBiAYdAwCYoqfmq5hlFHIhxnle3nLVtJr8A=
isNUYN0Cv7qAkNzzV1vCbTT2+FW7pmre2fVRTaACL1wk9CtuyLQv0x56daw4uqb1TzSEC7Tz4tEMr3s=
AODTsOJLX0kbtLnpeqBC2IYgOMJxdxrhIlhu8h+NTGCwiXBoGUOqRpoR5kmXqlyfJYXH9csBr3g=
7RrVZgtroVCZjoPaF9akCdG70I+EsA6KxURPr7Y22NeMyQs5SvgaglyK1HcIqlWVytwOn277Kwzs1eHbH5cnd68C
zqpyvrTdjCpv1Eyz9RTItEdX9a5ROXrFvshQplD6RO/7vwh0rusRdRzMQVpaQIXS8TlDazxmzHs4ho3cC5DZM953s+CMObkXL7s/e68O
1U/YQhSj2m4Ya2+lhZWHri9LOxt+RENdbcPpgnRWafn8ueleb/HOPBAyPN+jvwBSwKXZMUwo6c7a1C0lrnmRPxxyxH8o4qUIS0RxV07zO3QsbXFTf18Xb68a
0jUWMYo74rojNghTlSuCgb+y5pxai8MwQ3Y40WU6qwNoKqR97vAuln1kSKWL3vobE2UvNBwALOuHz940xzQ6Phe96XiD5v12WEZZOdQ9X6i/70zA9hYMaOAxkAApmSqOhWlG4eeynBf1vacde1mvMA==
4muUWZKIAimiQRwpmzW1DbSz5pxai4ExQ2wvxl9NzAY1COMosdBrkmFVBKyV0u4bE2UvNBwALOuHz940xzQ6Phe96XiD5v12WEZZOdQ9X6i/70zA9hYMaOAxkAApmSqOhWlG4eeynBf1vacde1mvMA==
B4++3NZYMECeRvyYxYlE8XCqhgK+rB9ZN43jjS9WbC33yop18xpDYP26/tdUWklmhLfsaE/LL/r3yxPNYqFGJJnaUtzVtxpaN0ZCUvzBfSR2fy57WBVurxk=
34fs8206enH3Jq9vve8RxacR2ogidzJTzmlvelVAZpIOdBf2l2BFSGVFFxRGNjTeo/O9ssLlYUL8F/jvsZMgaeMqX8iKr/C4g2NbegNjTJJ6o1JErSLurFlfzhpjbk5igPmJhOLnsqsUfVqvLQ==
I55M0Y/lWOv5qA4y+siMzvYedGuDCwOt1n402hcbKGZG9AwIUjLdky7AnH9DKzz8LMyoYTDOyqcQbhxZR1QTDXcEG0EVFF0s+XG3vUhl7YkdQwANY0p5dWCSTj8FBWjYIRjNxF3CXuwJP7oZU06eonBZOQRyh+LrJF1Krz0=
95tgkw1JZ8W2qER2m2vvy/YedGuDCwOt1n402hcbKGZG9AwIUjLdky7AnH9DKzz8LMyoYTDOyqcQbhxZR1QTDXcEG0EVFF0s+XG3vUhl7YkdQwANY0p5dWCSTj8FBWjYIRjNxF3CXuwJP7IYU06eonBZOQRyh+LrJF1Krz0=
GaH43oSYw8hxGu6MIUivn6EbhWA/2hhPd0JfkXkpHXDfmxibhxxsdW24bov3Y94rPSDD/JqYk/HE49WglEN9NxBG+2zLiUgm/LRNXwgdSW5bXTLGBH9PUTpwg7xnVNdG3GSbqxO5+RPP6jIdc1RYo8DDNklArzc=
